2018-03-19 12:28:19,785 - BrowserEngine - INFO - You had select Chrome browser.
2018-03-19 12:28:19,785 - BrowserEngine - INFO - The test server url is: http://1111.1dadan.com
2018-03-19 12:28:24,907 - BrowserEngine - INFO - Starting Chrome browser.
2018-03-19 12:28:25,708 - BrowserEngine - INFO - Open url: http://1111.1dadan.com
2018-03-19 12:28:26,955 - BrowserEngine - INFO - Maximize the current window.
2018-03-19 12:28:26,959 - BrowserEngine - INFO - Set implicitly wait 10 seconds.
2018-03-19 12:28:27,045 - BasePage - INFO - Had find the element '  ' successful by id via value: userName 
2018-03-19 12:28:27,213 - BasePage - INFO - Had type ' ecs1105 ' in inputBox
2018-03-19 12:28:27,260 - BasePage - INFO - Had find the element '  ' successful by id via value: passWord 
2018-03-19 12:28:27,364 - BasePage - INFO - Had type ' 1qaz2wsx ' in inputBox
2018-03-19 12:28:34,331 - BasePage - INFO - Had find the element ' 手工建单 ' successful by id via value: createOrderBtn 
2018-03-19 12:28:34,522 - BasePage - INFO - The element ' 手工建单 ' was clicked.
2018-03-19 12:28:37,587 - BasePage - INFO - Had find the element '  ' successful by x via value: //*[@id="createOrderTPL"]/form/div[1]/div[2]/div/div[1]/div[2]/div[1]/input 
2018-03-19 12:28:37,926 - BasePage - INFO - Had type ' 张无忌 ' in inputBox
2018-03-19 12:28:38,541 - BasePage - INFO - Had type ' 14726967584 ' in inputBox
2018-03-19 12:28:38,700 - BasePage - INFO - Had type ' 湖南省 ' in inputBox
2018-03-19 12:28:38,908 - BasePage - INFO - Had type ' 长沙市 ' in inputBox
2018-03-19 12:28:39,077 - BasePage - INFO - Had type ' 岳麓区 ' in inputBox
2018-03-19 12:28:39,140 - BasePage - INFO - Had find the element '  ' successful by x via value: //*[@id="address"] 
2018-03-19 12:28:39,365 - BasePage - INFO - Had type ' 岳麓大道569号 ' in inputBox
2018-03-19 12:28:39,426 - BasePage - INFO - Had find the element '  ' successful by x via value: //*[@id="goodsInfoBody"]/tr/td[3]/input 
