2018-03-19 14:33:09,518 - BrowserEngine - INFO - You had select Chrome browser.
2018-03-19 14:33:09,518 - BrowserEngine - INFO - The test server url is: http://1111.1dadan.com
2018-03-19 14:33:15,447 - BrowserEngine - INFO - Starting Chrome browser.
2018-03-19 14:33:16,591 - BrowserEngine - INFO - Open url: http://1111.1dadan.com
2018-03-19 14:33:17,847 - BrowserEngine - INFO - Maximize the current window.
2018-03-19 14:33:17,852 - BrowserEngine - INFO - Set implicitly wait 10 seconds.
2018-03-19 14:33:17,980 - BasePage - INFO - Had find the element '  ' successful by id via value: userName 
2018-03-19 14:33:18,169 - BasePage - INFO - Had type ' ecs1105 ' in inputBox
2018-03-19 14:33:18,225 - BasePage - INFO - Had find the element '  ' successful by id via value: passWord 
2018-03-19 14:33:18,350 - BasePage - INFO - Had type ' 1qaz2wsx ' in inputBox
2018-03-19 14:33:24,929 - BasePage - INFO - Had find the element ' 手工建单 ' successful by id via value: createOrderBtn 
2018-03-19 14:33:25,260 - BasePage - INFO - The element ' 手工建单 ' was clicked.
2018-03-19 14:33:28,337 - BasePage - INFO - Had find the element '  ' successful by x via value: //*[@id="createOrderTPL"]/form/div[1]/div[2]/div/div[1]/div[2]/div[1]/input 
2018-03-19 14:33:28,662 - BasePage - INFO - Had type ' 张无忌 ' in inputBox
2018-03-19 14:33:29,107 - BasePage - INFO - Had type ' 14726967584 ' in inputBox
2018-03-19 14:33:29,346 - BasePage - INFO - Had type ' 湖南省 ' in inputBox
2018-03-19 14:33:29,569 - BasePage - INFO - Had type ' 长沙市 ' in inputBox
2018-03-19 14:33:29,816 - BasePage - INFO - Had type ' 岳麓区 ' in inputBox
2018-03-19 14:33:29,874 - BasePage - INFO - Had find the element '  ' successful by x via value: //*[@id="address"] 
2018-03-19 14:33:30,144 - BasePage - INFO - Had type ' 岳麓大道569号 ' in inputBox
2018-03-19 14:33:30,210 - BasePage - INFO - Had find the element '  ' successful by x via value: //*[@id="goodsInfoBody"]/tr/td[3]/input 
2018-03-19 14:33:30,506 - BasePage - INFO - Had type ' 自动化测试自动添加商品 ' in inputBox
2018-03-19 14:33:30,667 - BasePage - INFO - The element ' 保存 ' was clicked.
